# JRE version: Java(TM) SE Runtime Environment (8.0_111-b14) (build 1.8.0_111-b14)
# Java VM: Java HotSpot(TM) 64-Bit Server VM (25.111-b14 mixed mode windows-amd64 compressed oops)
Heap:
 PSYoungGen      total 132608K, used 62434K [0x00000000d5f80000, 0x00000000e4b00000, 0x0000000100000000)
  eden space 113152K, 37% used [0x00000000d5f80000,0x00000000d897bc90,0x00000000dce00000)
  from space 19456K, 99% used [0x00000000dce00000,0x00000000de0fcbe8,0x00000000de100000)
  to   space 23552K, 0% used [0x00000000e3400000,0x00000000e3400000,0x00000000e4b00000)
 ParOldGen       total 64000K, used 27102K [0x0000000081e00000, 0x0000000085c80000, 0x00000000d5f80000)
  object space 64000K, 42% used [0x0000000081e00000,0x0000000083877928,0x0000000085c80000)
 Metaspace       used 33442K, capacity 34092K, committed 34432K, reserved 1079296K
  class space    used 4730K, capacity 4916K, committed 4992K, reserved 1048576K
GC Heap History (10 events):
Event: 2.523 GC heap before
{Heap before GC invocations=4 (full 0):
 PSYoungGen      total 38400K, used 29912K [0x00000000d5f80000, 0x00000000daa80000, 0x0000000100000000)
  eden space 33280K, 74% used [0x00000000d5f80000,0x00000000d77be0a8,0x00000000d8000000)
  from space 5120K, 99% used [0x00000000d8000000,0x00000000d84f80d0,0x00000000d8500000)
  to   space 5120K, 0% used [0x00000000da580000,0x00000000da580000,0x00000000daa80000)
 ParOldGen       total 87552K, used 7123K [0x0000000081e00000, 0x0000000087380000, 0x00000000d5f80000)
  object space 87552K, 8% used [0x0000000081e00000,0x00000000824f4d18,0x0000000087380000)
 Metaspace       used 20979K, capacity 21174K, committed 21296K, reserved 1067008K
  class space    used 2874K, capacity 2934K, committed 2944K, reserved 1048576K
Event: 2.532 GC heap after
Heap after GC invocations=4 (full 0):
 PSYoungGen      total 71680K, used 5092K [0x00000000d5f80000, 0x00000000daa80000, 0x0000000100000000)
  eden space 66560K, 0% used [0x00000000d5f80000,0x00000000d5f80000,0x00000000da080000)
  from space 5120K, 99% used [0x00000000da580000,0x00000000daa79040,0x00000000daa80000)
  to   space 5120K, 0% used [0x00000000da080000,0x00000000da080000,0x00000000da580000)
 ParOldGen       total 87552K, used 10039K [0x0000000081e00000, 0x0000000087380000, 0x00000000d5f80000)
  object space 87552K, 11% used [0x0000000081e00000,0x00000000827cdc88,0x0000000087380000)
 Metaspace       used 20979K, capacity 21174K, committed 21296K, reserved 1067008K
  class space    used 2874K, capacity 2934K, committed 2944K, reserved 1048576K
}
Event: 2.532 GC heap before
{Heap before GC invocations=5 (full 1):
 PSYoungGen      total 71680K, used 5092K [0x00000000d5f80000, 0x00000000daa80000, 0x0000000100000000)
  eden space 66560K, 0% used [0x00000000d5f80000,0x00000000d5f80000,0x00000000da080000)
  from space 5120K, 99% used [0x00000000da580000,0x00000000daa79040,0x00000000daa80000)
  to   space 5120K, 0% used [0x00000000da080000,0x00000000da080000,0x00000000da580000)
 ParOldGen       total 87552K, used 10039K [0x0000000081e00000, 0x0000000087380000, 0x00000000d5f80000)
  object space 87552K, 11% used [0x0000000081e00000,0x00000000827cdc88,0x0000000087380000)
 Metaspace       used 20979K, capacity 21174K, committed 21296K, reserved 1067008K
  class space    used 2874K, capacity 2934K, committed 2944K, reserved 1048576K
Event: 2.576 GC heap after
Heap after GC invocations=5 (full 1):
 PSYoungGen      total 71680K, used 0K [0x00000000d5f80000, 0x00000000daa80000, 0x0000000100000000)
  eden space 66560K, 0% used [0x00000000d5f80000,0x00000000d5f80000,0x00000000da080000)
  from space 5120K, 0% used [0x00000000da580000,0x00000000da580000,0x00000000daa80000)
  to   space 5120K, 0% used [0x00000000da080000,0x00000000da080000,0x00000000da580000)
 ParOldGen       total 64000K, used 10980K [0x0000000081e00000, 0x0000000085c80000, 0x00000000d5f80000)
  object space 64000K, 17% used [0x0000000081e00000,0x00000000828b9180,0x0000000085c80000)
 Metaspace       used 20979K, capacity 21174K, committed 21296K, reserved 1067008K
  class space    used 2874K, capacity 2934K, committed 2944K, reserved 1048576K
}
Event: 2.895 GC heap before
{Heap before GC invocations=6 (full 1):
 PSYoungGen      total 71680K, used 66560K [0x00000000d5f80000, 0x00000000daa80000, 0x0000000100000000)
  eden space 66560K, 100% used [0x00000000d5f80000,0x00000000da080000,0x00000000da080000)
  from space 5120K, 0% used [0x00000000da580000,0x00000000da580000,0x00000000daa80000)
  to   space 5120K, 0% used [0x00000000da080000,0x00000000da080000,0x00000000da580000)
 ParOldGen       total 64000K, used 10980K [0x0000000081e00000, 0x0000000085c80000, 0x00000000d5f80000)
  object space 64000K, 17% used [0x0000000081e00000,0x00000000828b9180,0x0000000085c80000)
 Metaspace       used 22465K, capacity 22750K, committed 23040K, reserved 1069056K
  class space    used 3123K, capacity 3225K, committed 3328K, reserved 1048576K
Event: 2.939 GC heap after
Heap after GC invocations=6 (full 1):
 PSYoungGen      total 71680K, used 5120K [0x00000000d5f80000, 0x00000000df280000, 0x0000000100000000)
  eden space 66560K, 0% used [0x00000000d5f80000,0x00000000d5f80000,0x00000000da080000)
  from space 5120K, 100% used [0x00000000da080000,0x00000000da580000,0x00000000da580000)
  to   space 17920K, 0% used [0x00000000de100000,0x00000000de100000,0x00000000df280000)
 ParOldGen       total 64000K, used 25535K [0x0000000081e00000, 0x0000000085c80000, 0x00000000d5f80000)
  object space 64000K, 39% used [0x0000000081e00000,0x00000000836eff50,0x0000000085c80000)
 Metaspace       used 22465K, capacity 22750K, committed 23040K, reserved 1069056K
  class space    used 3123K, capacity 3225K, committed 3328K, reserved 1048576K
}
Event: 3.980 GC heap before
{Heap before GC invocations=7 (full 1):
 PSYoungGen      total 71680K, used 71680K [0x00000000d5f80000, 0x00000000df280000, 0x0000000100000000)
  eden space 66560K, 100% used [0x00000000d5f80000,0x00000000da080000,0x00000000da080000)
  from space 5120K, 100% used [0x00000000da080000,0x00000000da580000,0x00000000da580000)
  to   space 17920K, 0% used [0x00000000de100000,0x00000000de100000,0x00000000df280000)
 ParOldGen       total 64000K, used 25535K [0x0000000081e00000, 0x0000000085c80000, 0x00000000d5f80000)
  object space 64000K, 39% used [0x0000000081e00000,0x00000000836eff50,0x0000000085c80000)
 Metaspace       used 27421K, capacity 27856K, committed 28160K, reserved 1073152K
  class space    used 3856K, capacity 4012K, committed 4096K, reserved 1048576K
Event: 4.022 GC heap after
Heap after GC invocations=7 (full 1):
 PSYoungGen      total 131072K, used 14617K [0x00000000d5f80000, 0x00000000df500000, 0x0000000100000000)
  eden space 113152K, 0% used [0x00000000d5f80000,0x00000000d5f80000,0x00000000dce00000)
  from space 17920K, 81% used [0x00000000de100000,0x00000000def467e8,0x00000000df280000)
  to   space 19456K, 0% used [0x00000000dce00000,0x00000000dce00000,0x00000000de100000)
 ParOldGen       total 64000K, used 25535K [0x0000000081e00000, 0x0000000085c80000, 0x00000000d5f80000)
  object space 64000K, 39% used [0x0000000081e00000,0x00000000836eff50,0x0000000085c80000)
 Metaspace       used 27421K, capacity 27856K, committed 28160K, reserved 1073152K
  class space    used 3856K, capacity 4012K, committed 4096K, reserved 1048576K
}
Event: 4.846 GC heap before
{Heap before GC invocations=8 (full 1):
 PSYoungGen      total 131072K, used 127769K [0x00000000d5f80000, 0x00000000df500000, 0x0000000100000000)
  eden space 113152K, 100% used [0x00000000d5f80000,0x00000000dce00000,0x00000000dce00000)
  from space 17920K, 81% used [0x00000000de100000,0x00000000def467e8,0x00000000df280000)
  to   space 19456K, 0% used [0x00000000dce00000,0x00000000dce00000,0x00000000de100000)
 ParOldGen       total 64000K, used 25535K [0x0000000081e00000, 0x0000000085c80000, 0x00000000d5f80000)
  object space 64000K, 39% used [0x0000000081e00000,0x00000000836eff50,0x0000000085c80000)
 Metaspace       used 31259K, capacity 31806K, committed 32000K, reserved 1077248K
  class space    used 4388K, capacity 4558K, committed 4608K, reserved 1048576K
Event: 4.883 GC heap after
Heap after GC invocations=8 (full 1):
 PSYoungGen      total 132608K, used 19442K [0x00000000d5f80000, 0x00000000e4b00000, 0x0000000100000000)
  eden space 113152K, 0% used [0x00000000d5f80000,0x00000000d5f80000,0x00000000dce00000)
  from space 19456K, 99% used [0x00000000dce00000,0x00000000de0fcbe8,0x00000000de100000)
  to   space 23552K, 0% used [0x00000000e3400000,0x00000000e3400000,0x00000000e4b00000)
 ParOldGen       total 64000K, used 27102K [0x0000000081e00000, 0x0000000085c80000, 0x00000000d5f80000)
  object space 64000K, 42% used [0x0000000081e00000,0x0000000083877928,0x0000000085c80000)
 Metaspace       used 31259K, capacity 31806K, committed 32000K, reserved 1077248K
  class space    used 4388K, capacity 4558K, committed 4608K, reserved 1048576K
}

