# JRE version: Java(TM) SE Runtime Environment (8.0_111-b14) (build 1.8.0_111-b14)
# Java VM: Java HotSpot(TM) 64-Bit Server VM (25.111-b14 mixed mode windows-amd64 compressed oops)
Heap:
 PSYoungGen      total 560128K, used 94669K [0x00000000d5f80000, 0x0000000100000000, 0x0000000100000000)
  eden space 538112K, 13% used [0x00000000d5f80000,0x00000000da6756c8,0x00000000f6d00000)
  from space 22016K, 99% used [0x00000000f6d00000,0x00000000f827e030,0x00000000f8280000)
  to   space 31232K, 0% used [0x00000000fe180000,0x00000000fe180000,0x0000000100000000)
 ParOldGen       total 125952K, used 72412K [0x0000000081e00000, 0x0000000089900000, 0x00000000d5f80000)
  object space 125952K, 57% used [0x0000000081e00000,0x00000000864b71f0,0x0000000089900000)
 Metaspace       used 80491K, capacity 82576K, committed 82728K, reserved 1122304K
  class space    used 9464K, capacity 9953K, committed 10024K, reserved 1048576K
GC Heap History (10 events):
Event: 29.494 GC heap before
{Heap before GC invocations=22 (full 2):
 PSYoungGen      total 356864K, used 247227K [0x00000000d5f80000, 0x00000000f2b80000, 0x0000000100000000)
  eden space 344064K, 68% used [0x00000000d5f80000,0x00000000e4474910,0x00000000eaf80000)
  from space 12800K, 99% used [0x00000000eaf80000,0x00000000ebbfa670,0x00000000ebc00000)
  to   space 14848K, 0% used [0x00000000f1d00000,0x00000000f1d00000,0x00000000f2b80000)
 ParOldGen       total 88064K, used 32962K [0x0000000081e00000, 0x0000000087400000, 0x00000000d5f80000)
  object space 88064K, 37% used [0x0000000081e00000,0x0000000083e30870,0x0000000087400000)
 Metaspace       used 57618K, capacity 58936K, committed 59160K, reserved 1101824K
  class space    used 6602K, capacity 6981K, committed 7080K, reserved 1048576K
Event: 29.526 GC heap after
Heap after GC invocations=22 (full 2):
 PSYoungGen      total 452096K, used 12014K [0x00000000d5f80000, 0x00000000f2a80000, 0x0000000100000000)
  eden space 438272K, 0% used [0x00000000d5f80000,0x00000000d5f80000,0x00000000f0b80000)
  from space 13824K, 86% used [0x00000000f1d00000,0x00000000f28bb9a8,0x00000000f2a80000)
  to   space 15872K, 0% used [0x00000000f0b80000,0x00000000f0b80000,0x00000000f1b00000)
 ParOldGen       total 88064K, used 37374K [0x0000000081e00000, 0x0000000087400000, 0x00000000d5f80000)
  object space 88064K, 42% used [0x0000000081e00000,0x000000008427f908,0x0000000087400000)
 Metaspace       used 57618K, capacity 58936K, committed 59160K, reserved 1101824K
  class space    used 6602K, capacity 6981K, committed 7080K, reserved 1048576K
}
Event: 29.526 GC heap before
{Heap before GC invocations=23 (full 3):
 PSYoungGen      total 452096K, used 12014K [0x00000000d5f80000, 0x00000000f2a80000, 0x0000000100000000)
  eden space 438272K, 0% used [0x00000000d5f80000,0x00000000d5f80000,0x00000000f0b80000)
  from space 13824K, 86% used [0x00000000f1d00000,0x00000000f28bb9a8,0x00000000f2a80000)
  to   space 15872K, 0% used [0x00000000f0b80000,0x00000000f0b80000,0x00000000f1b00000)
 ParOldGen       total 88064K, used 37374K [0x0000000081e00000, 0x0000000087400000, 0x00000000d5f80000)
  object space 88064K, 42% used [0x0000000081e00000,0x000000008427f908,0x0000000087400000)
 Metaspace       used 57618K, capacity 58936K, committed 59160K, reserved 1101824K
  class space    used 6602K, capacity 6981K, committed 7080K, reserved 1048576K
Event: 29.875 GC heap after
Heap after GC invocations=23 (full 3):
 PSYoungGen      total 452096K, used 0K [0x00000000d5f80000, 0x00000000f2a80000, 0x0000000100000000)
  eden space 438272K, 0% used [0x00000000d5f80000,0x00000000d5f80000,0x00000000f0b80000)
  from space 13824K, 0% used [0x00000000f1d00000,0x00000000f1d00000,0x00000000f2a80000)
  to   space 15872K, 0% used [0x00000000f0b80000,0x00000000f0b80000,0x00000000f1b00000)
 ParOldGen       total 125952K, used 40165K [0x0000000081e00000, 0x0000000089900000, 0x00000000d5f80000)
  object space 125952K, 31% used [0x0000000081e00000,0x0000000084539510,0x0000000089900000)
 Metaspace       used 57618K, capacity 58936K, committed 59160K, reserved 1101824K
  class space    used 6602K, capacity 6981K, committed 7080K, reserved 1048576K
}
Event: 32.797 GC heap before
{Heap before GC invocations=24 (full 3):
 PSYoungGen      total 452096K, used 438272K [0x00000000d5f80000, 0x00000000f2a80000, 0x0000000100000000)
  eden space 438272K, 100% used [0x00000000d5f80000,0x00000000f0b80000,0x00000000f0b80000)
  from space 13824K, 0% used [0x00000000f1d00000,0x00000000f1d00000,0x00000000f2a80000)
  to   space 15872K, 0% used [0x00000000f0b80000,0x00000000f0b80000,0x00000000f1b00000)
 ParOldGen       total 125952K, used 40165K [0x0000000081e00000, 0x0000000089900000, 0x00000000d5f80000)
  object space 125952K, 31% used [0x0000000081e00000,0x0000000084539510,0x0000000089900000)
 Metaspace       used 62844K, capacity 64352K, committed 64552K, reserved 1105920K
  class space    used 7233K, capacity 7655K, committed 7720K, reserved 1048576K
Event: 32.847 GC heap after
Heap after GC invocations=24 (full 3):
 PSYoungGen      total 454144K, used 15851K [0x00000000d5f80000, 0x00000000f9780000, 0x0000000100000000)
  eden space 438272K, 0% used [0x00000000d5f80000,0x00000000d5f80000,0x00000000f0b80000)
  from space 15872K, 99% used [0x00000000f0b80000,0x00000000f1afafb0,0x00000000f1b00000)
  to   space 21504K, 0% used [0x00000000f8280000,0x00000000f8280000,0x00000000f9780000)
 ParOldGen       total 125952K, used 48258K [0x0000000081e00000, 0x0000000089900000, 0x00000000d5f80000)
  object space 125952K, 38% used [0x0000000081e00000,0x0000000084d209c8,0x0000000089900000)
 Metaspace       used 62844K, capacity 64352K, committed 64552K, reserved 1105920K
  class space    used 7233K, capacity 7655K, committed 7720K, reserved 1048576K
}
Event: 34.536 GC heap before
{Heap before GC invocations=25 (full 3):
 PSYoungGen      total 454144K, used 454123K [0x00000000d5f80000, 0x00000000f9780000, 0x0000000100000000)
  eden space 438272K, 100% used [0x00000000d5f80000,0x00000000f0b80000,0x00000000f0b80000)
  from space 15872K, 99% used [0x00000000f0b80000,0x00000000f1afafb0,0x00000000f1b00000)
  to   space 21504K, 0% used [0x00000000f8280000,0x00000000f8280000,0x00000000f9780000)
 ParOldGen       total 125952K, used 48258K [0x0000000081e00000, 0x0000000089900000, 0x00000000d5f80000)
  object space 125952K, 38% used [0x0000000081e00000,0x0000000084d209c8,0x0000000089900000)
 Metaspace       used 67206K, capacity 68746K, committed 68904K, reserved 1110016K
  class space    used 7817K, capacity 8222K, committed 8232K, reserved 1048576K
Event: 34.586 GC heap after
Heap after GC invocations=25 (full 3):
 PSYoungGen      total 559616K, used 13752K [0x00000000d5f80000, 0x00000000f9a00000, 0x0000000100000000)
  eden space 538112K, 0% used [0x00000000d5f80000,0x00000000d5f80000,0x00000000f6d00000)
  from space 21504K, 63% used [0x00000000f8280000,0x00000000f8fee348,0x00000000f9780000)
  to   space 22016K, 0% used [0x00000000f6d00000,0x00000000f6d00000,0x00000000f8280000)
 ParOldGen       total 125952K, used 57129K [0x0000000081e00000, 0x0000000089900000, 0x00000000d5f80000)
  object space 125952K, 45% used [0x0000000081e00000,0x00000000855ca698,0x0000000089900000)
 Metaspace       used 67206K, capacity 68746K, committed 68904K, reserved 1110016K
  class space    used 7817K, capacity 8222K, committed 8232K, reserved 1048576K
}
Event: 78.834 GC heap before
{Heap before GC invocations=26 (full 3):
 PSYoungGen      total 559616K, used 551864K [0x00000000d5f80000, 0x00000000f9a00000, 0x0000000100000000)
  eden space 538112K, 100% used [0x00000000d5f80000,0x00000000f6d00000,0x00000000f6d00000)
  from space 21504K, 63% used [0x00000000f8280000,0x00000000f8fee348,0x00000000f9780000)
  to   space 22016K, 0% used [0x00000000f6d00000,0x00000000f6d00000,0x00000000f8280000)
 ParOldGen       total 125952K, used 57129K [0x0000000081e00000, 0x0000000089900000, 0x00000000d5f80000)
  object space 125952K, 45% used [0x0000000081e00000,0x00000000855ca698,0x0000000089900000)
 Metaspace       used 79165K, capacity 81150K, committed 81320K, reserved 1120256K
  class space    used 9375K, capacity 9838K, committed 9896K, reserved 1048576K
Event: 78.910 GC heap after
Heap after GC invocations=26 (full 3):
 PSYoungGen      total 560128K, used 22008K [0x00000000d5f80000, 0x0000000100000000, 0x0000000100000000)
  eden space 538112K, 0% used [0x00000000d5f80000,0x00000000d5f80000,0x00000000f6d00000)
  from space 22016K, 99% used [0x00000000f6d00000,0x00000000f827e030,0x00000000f8280000)
  to   space 31232K, 0% used [0x00000000fe180000,0x00000000fe180000,0x0000000100000000)
 ParOldGen       total 125952K, used 72412K [0x0000000081e00000, 0x0000000089900000, 0x00000000d5f80000)
  object space 125952K, 57% used [0x0000000081e00000,0x00000000864b71f0,0x0000000089900000)
 Metaspace       used 79165K, capacity 81150K, committed 81320K, reserved 1120256K
  class space    used 9375K, capacity 9838K, committed 9896K, reserved 1048576K
}

